# JRE version: OpenJDK Runtime Environment Temurin-17.0.12+7 (17.0.12+7) (build 17.0.12+7)
# Java VM: OpenJDK 64-Bit Server VM Temurin-17.0.12+7 (17.0.12+7, mixed mode, tiered, compressed oops, compressed class ptrs, parallel gc, windows-amd64)
GC Precious Log:
 CPUs: 8 total, 8 available
 Memory: 3899M
 Large Page Support: Disabled
 NUMA Support: Disabled
 Compressed Oops: Enabled (32-bit)
 Alignments: Space 512K, Generation 512K, Heap 2M
 Heap Min Capacity: 100M
 Heap Initial Capacity: 100M
 Heap Max Capacity: 1G
 Pre-touch: Disabled
 Parallel Workers: 8
Heap:
 PSYoungGen      total 22528K, used 8123K [0x00000000eab00000, 0x00000000ec900000, 0x0000000100000000)
  eden space 16384K, 12% used [0x00000000eab00000,0x00000000eacf0c50,0x00000000ebb00000)
  from space 6144K, 99% used [0x00000000ebd80000,0x00000000ec37e360,0x00000000ec380000)
  to   space 5632K, 0% used [0x00000000ec380000,0x00000000ec380000,0x00000000ec900000)
 ParOldGen       total 461312K, used 399767K [0x00000000c0000000, 0x00000000dc280000, 0x00000000eab00000)
  object space 461312K, 86% used [0x00000000c0000000,0x00000000d8665f68,0x00000000dc280000)
 Metaspace       used 81554K, committed 82944K, reserved 1179648K
  class space    used 8676K, committed 9280K, reserved 1048576K
GC Heap History (20 events):
Event: 88.898 GC heap before
{Heap before GC invocations=225 (full 12):
 PSYoungGen      total 45056K, used 45037K [0x00000000eab00000, 0x00000000ef380000, 0x0000000100000000)
  eden space 30208K, 100% used [0x00000000eab00000,0x00000000ec880000,0x00000000ec880000)
  from space 14848K, 99% used [0x00000000ec980000,0x00000000ed7fb5a0,0x00000000ed800000)
  to   space 22016K, 0% used [0x00000000ede00000,0x00000000ede00000,0x00000000ef380000)
 ParOldGen       total 374272K, used 320719K [0x00000000c0000000, 0x00000000d6d80000, 0x00000000eab00000)
  object space 374272K, 85% used [0x00000000c0000000,0x00000000d3933e58,0x00000000d6d80000)
 Metaspace       used 81502K, committed 82880K, reserved 1179648K
  class space    used 8674K, committed 9280K, reserved 1048576K
}
Event: 88.963 GC heap after
{Heap after GC invocations=225 (full 12):
 PSYoungGen      total 53760K, used 18512K [0x00000000eab00000, 0x00000000ef280000, 0x0000000100000000)
  eden space 32768K, 0% used [0x00000000eab00000,0x00000000eab00000,0x00000000ecb00000)
  from space 20992K, 88% used [0x00000000ede00000,0x00000000ef014290,0x00000000ef280000)
  to   space 19456K, 0% used [0x00000000ecb00000,0x00000000ecb00000,0x00000000ede00000)
 ParOldGen       total 374272K, used 328823K [0x00000000c0000000, 0x00000000d6d80000, 0x00000000eab00000)
  object space 374272K, 87% used [0x00000000c0000000,0x00000000d411df78,0x00000000d6d80000)
 Metaspace       used 81502K, committed 82880K, reserved 1179648K
  class space    used 8674K, committed 9280K, reserved 1048576K
}
Event: 89.830 GC heap before
{Heap before GC invocations=226 (full 12):
 PSYoungGen      total 53760K, used 51076K [0x00000000eab00000, 0x00000000ef280000, 0x0000000100000000)
  eden space 32768K, 99% used [0x00000000eab00000,0x00000000ecaccdf8,0x00000000ecb00000)
  from space 20992K, 88% used [0x00000000ede00000,0x00000000ef014290,0x00000000ef280000)
  to   space 19456K, 0% used [0x00000000ecb00000,0x00000000ecb00000,0x00000000ede00000)
 ParOldGen       total 374272K, used 328823K [0x00000000c0000000, 0x00000000d6d80000, 0x00000000eab00000)
  object space 374272K, 87% used [0x00000000c0000000,0x00000000d411df78,0x00000000d6d80000)
 Metaspace       used 81520K, committed 82880K, reserved 1179648K
  class space    used 8675K, committed 9280K, reserved 1048576K
}
Event: 89.853 GC heap after
{Heap after GC invocations=226 (full 12):
 PSYoungGen      total 52224K, used 15918K [0x00000000eab00000, 0x00000000ef080000, 0x0000000100000000)
  eden space 32768K, 0% used [0x00000000eab00000,0x00000000eab00000,0x00000000ecb00000)
  from space 19456K, 81% used [0x00000000ecb00000,0x00000000eda8b8e8,0x00000000ede00000)
  to   space 17408K, 0% used [0x00000000edf80000,0x00000000edf80000,0x00000000ef080000)
 ParOldGen       total 374272K, used 346953K [0x00000000c0000000, 0x00000000d6d80000, 0x00000000eab00000)
  object space 374272K, 92% used [0x00000000c0000000,0x00000000d52d2708,0x00000000d6d80000)
 Metaspace       used 81520K, committed 82880K, reserved 1179648K
  class space    used 8675K, committed 9280K, reserved 1048576K
}
Event: 90.548 GC heap before
{Heap before GC invocations=227 (full 12):
 PSYoungGen      total 52224K, used 48686K [0x00000000eab00000, 0x00000000ef080000, 0x0000000100000000)
  eden space 32768K, 100% used [0x00000000eab00000,0x00000000ecb00000,0x00000000ecb00000)
  from space 19456K, 81% used [0x00000000ecb00000,0x00000000eda8b8e8,0x00000000ede00000)
  to   space 17408K, 0% used [0x00000000edf80000,0x00000000edf80000,0x00000000ef080000)
 ParOldGen       total 374272K, used 346953K [0x00000000c0000000, 0x00000000d6d80000, 0x00000000eab00000)
  object space 374272K, 92% used [0x00000000c0000000,0x00000000d52d2708,0x00000000d6d80000)
 Metaspace       used 81520K, committed 82880K, reserved 1179648K
  class space    used 8675K, committed 9280K, reserved 1048576K
}
Event: 90.590 GC heap after
{Heap after GC invocations=227 (full 12):
 PSYoungGen      total 29184K, used 17396K [0x00000000eab00000, 0x00000000f2080000, 0x0000000100000000)
  eden space 11776K, 0% used [0x00000000eab00000,0x00000000eab00000,0x00000000eb680000)
  from space 17408K, 99% used [0x00000000edf80000,0x00000000ef07d2f8,0x00000000ef080000)
  to   space 41984K, 0% used [0x00000000eb680000,0x00000000eb680000,0x00000000edf80000)
 ParOldGen       total 374272K, used 367356K [0x00000000c0000000, 0x00000000d6d80000, 0x00000000eab00000)
  object space 374272K, 98% used [0x00000000c0000000,0x00000000d66bf090,0x00000000d6d80000)
 Metaspace       used 81520K, committed 82880K, reserved 1179648K
  class space    used 8675K, committed 9280K, reserved 1048576K
}
Event: 90.590 GC heap before
{Heap before GC invocations=228 (full 13):
 PSYoungGen      total 29184K, used 17396K [0x00000000eab00000, 0x00000000f2080000, 0x0000000100000000)
  eden space 11776K, 0% used [0x00000000eab00000,0x00000000eab00000,0x00000000eb680000)
  from space 17408K, 99% used [0x00000000edf80000,0x00000000ef07d2f8,0x00000000ef080000)
  to   space 41984K, 0% used [0x00000000eb680000,0x00000000eb680000,0x00000000edf80000)
 ParOldGen       total 374272K, used 367356K [0x00000000c0000000, 0x00000000d6d80000, 0x00000000eab00000)
  object space 374272K, 98% used [0x00000000c0000000,0x00000000d66bf090,0x00000000d6d80000)
 Metaspace       used 81520K, committed 82880K, reserved 1179648K
  class space    used 8675K, committed 9280K, reserved 1048576K
}
Event: 90.986 GC heap after
{Heap after GC invocations=228 (full 13):
 PSYoungGen      total 29184K, used 9628K [0x00000000eab00000, 0x00000000f0a00000, 0x0000000100000000)
  eden space 11776K, 0% used [0x00000000eab00000,0x00000000eab00000,0x00000000eb680000)
  from space 17408K, 55% used [0x00000000edf80000,0x00000000ee8e72b0,0x00000000ef080000)
  to   space 41984K, 0% used [0x00000000eb680000,0x00000000eb680000,0x00000000edf80000)
 ParOldGen       total 461312K, used 373982K [0x00000000c0000000, 0x00000000dc280000, 0x00000000eab00000)
  object space 461312K, 81% used [0x00000000c0000000,0x00000000d6d37ab8,0x00000000dc280000)
 Metaspace       used 81520K, committed 82880K, reserved 1179648K
  class space    used 8675K, committed 9280K, reserved 1048576K
}
Event: 91.243 GC heap before
{Heap before GC invocations=229 (full 13):
 PSYoungGen      total 29184K, used 21273K [0x00000000eab00000, 0x00000000f0a00000, 0x0000000100000000)
  eden space 11776K, 98% used [0x00000000eab00000,0x00000000eb65f260,0x00000000eb680000)
  from space 17408K, 55% used [0x00000000edf80000,0x00000000ee8e72b0,0x00000000ef080000)
  to   space 41984K, 0% used [0x00000000eb680000,0x00000000eb680000,0x00000000edf80000)
 ParOldGen       total 461312K, used 373982K [0x00000000c0000000, 0x00000000dc280000, 0x00000000eab00000)
  object space 461312K, 81% used [0x00000000c0000000,0x00000000d6d37ab8,0x00000000dc280000)
 Metaspace       used 81534K, committed 82880K, reserved 1179648K
  class space    used 8675K, committed 9280K, reserved 1048576K
}
Event: 91.287 GC heap after
{Heap after GC invocations=229 (full 13):
 PSYoungGen      total 23552K, used 11745K [0x00000000eab00000, 0x00000000ee200000, 0x0000000100000000)
  eden space 11776K, 0% used [0x00000000eab00000,0x00000000eab00000,0x00000000eb680000)
  from space 11776K, 99% used [0x00000000eb680000,0x00000000ec1f8440,0x00000000ec200000)
  to   space 21504K, 0% used [0x00000000ecd00000,0x00000000ecd00000,0x00000000ee200000)
 ParOldGen       total 461312K, used 382082K [0x00000000c0000000, 0x00000000dc280000, 0x00000000eab00000)
  object space 461312K, 82% used [0x00000000c0000000,0x00000000d75208c0,0x00000000dc280000)
 Metaspace       used 81534K, committed 82880K, reserved 1179648K
  class space    used 8675K, committed 9280K, reserved 1048576K
}
Event: 92.500 GC heap before
{Heap before GC invocations=230 (full 13):
 PSYoungGen      total 23552K, used 23521K [0x00000000eab00000, 0x00000000ee200000, 0x0000000100000000)
  eden space 11776K, 100% used [0x00000000eab00000,0x00000000eb680000,0x00000000eb680000)
  from space 11776K, 99% used [0x00000000eb680000,0x00000000ec1f8440,0x00000000ec200000)
  to   space 21504K, 0% used [0x00000000ecd00000,0x00000000ecd00000,0x00000000ee200000)
 ParOldGen       total 461312K, used 382082K [0x00000000c0000000, 0x00000000dc280000, 0x00000000eab00000)
  object space 461312K, 82% used [0x00000000c0000000,0x00000000d75208c0,0x00000000dc280000)
 Metaspace       used 81551K, committed 82944K, reserved 1179648K
  class space    used 8676K, committed 9280K, reserved 1048576K
}
Event: 92.512 GC heap after
{Heap after GC invocations=230 (full 13):
 PSYoungGen      total 30208K, used 17139K [0x00000000eab00000, 0x00000000ede00000, 0x0000000100000000)
  eden space 12800K, 0% used [0x00000000eab00000,0x00000000eab00000,0x00000000eb780000)
  from space 17408K, 98% used [0x00000000ecd00000,0x00000000eddbcd20,0x00000000ede00000)
  to   space 18432K, 0% used [0x00000000eba00000,0x00000000eba00000,0x00000000ecc00000)
 ParOldGen       total 461312K, used 382082K [0x00000000c0000000, 0x00000000dc280000, 0x00000000eab00000)
  object space 461312K, 82% used [0x00000000c0000000,0x00000000d75208c0,0x00000000dc280000)
 Metaspace       used 81551K, committed 82944K, reserved 1179648K
  class space    used 8676K, committed 9280K, reserved 1048576K
}
Event: 92.764 GC heap before
{Heap before GC invocations=231 (full 13):
 PSYoungGen      total 30208K, used 29939K [0x00000000eab00000, 0x00000000ede00000, 0x0000000100000000)
  eden space 12800K, 100% used [0x00000000eab00000,0x00000000eb780000,0x00000000eb780000)
  from space 17408K, 98% used [0x00000000ecd00000,0x00000000eddbcd20,0x00000000ede00000)
  to   space 18432K, 0% used [0x00000000eba00000,0x00000000eba00000,0x00000000ecc00000)
 ParOldGen       total 461312K, used 382082K [0x00000000c0000000, 0x00000000dc280000, 0x00000000eab00000)
  object space 461312K, 82% used [0x00000000c0000000,0x00000000d75208c0,0x00000000dc280000)
 Metaspace       used 81551K, committed 82944K, reserved 1179648K
  class space    used 8676K, committed 9280K, reserved 1048576K
}
Event: 92.779 GC heap after
{Heap after GC invocations=231 (full 13):
 PSYoungGen      total 32256K, used 17979K [0x00000000eab00000, 0x00000000edc80000, 0x0000000100000000)
  eden space 13824K, 0% used [0x00000000eab00000,0x00000000eab00000,0x00000000eb880000)
  from space 18432K, 97% used [0x00000000eba00000,0x00000000ecb8ee20,0x00000000ecc00000)
  to   space 16896K, 0% used [0x00000000ecc00000,0x00000000ecc00000,0x00000000edc80000)
 ParOldGen       total 461312K, used 382090K [0x00000000c0000000, 0x00000000dc280000, 0x00000000eab00000)
  object space 461312K, 82% used [0x00000000c0000000,0x00000000d75228c0,0x00000000dc280000)
 Metaspace       used 81551K, committed 82944K, reserved 1179648K
  class space    used 8676K, committed 9280K, reserved 1048576K
}
Event: 93.349 GC heap before
{Heap before GC invocations=232 (full 13):
 PSYoungGen      total 32256K, used 31803K [0x00000000eab00000, 0x00000000edc80000, 0x0000000100000000)
  eden space 13824K, 100% used [0x00000000eab00000,0x00000000eb880000,0x00000000eb880000)
  from space 18432K, 97% used [0x00000000eba00000,0x00000000ecb8ee20,0x00000000ecc00000)
  to   space 16896K, 0% used [0x00000000ecc00000,0x00000000ecc00000,0x00000000edc80000)
 ParOldGen       total 461312K, used 382090K [0x00000000c0000000, 0x00000000dc280000, 0x00000000eab00000)
  object space 461312K, 82% used [0x00000000c0000000,0x00000000d75228c0,0x00000000dc280000)
 Metaspace       used 81554K, committed 82944K, reserved 1179648K
  class space    used 8676K, committed 9280K, reserved 1048576K
}
Event: 93.365 GC heap after
{Heap after GC invocations=232 (full 13):
 PSYoungGen      total 31232K, used 16867K [0x00000000eab00000, 0x00000000edf80000, 0x0000000100000000)
  eden space 14336K, 0% used [0x00000000eab00000,0x00000000eab00000,0x00000000eb900000)
  from space 16896K, 99% used [0x00000000ecc00000,0x00000000edc78fd0,0x00000000edc80000)
  to   space 19456K, 0% used [0x00000000eb900000,0x00000000eb900000,0x00000000ecc00000)
 ParOldGen       total 461312K, used 384170K [0x00000000c0000000, 0x00000000dc280000, 0x00000000eab00000)
  object space 461312K, 83% used [0x00000000c0000000,0x00000000d772a860,0x00000000dc280000)
 Metaspace       used 81554K, committed 82944K, reserved 1179648K
  class space    used 8676K, committed 9280K, reserved 1048576K
}
Event: 93.649 GC heap before
{Heap before GC invocations=233 (full 13):
 PSYoungGen      total 31232K, used 31203K [0x00000000eab00000, 0x00000000edf80000, 0x0000000100000000)
  eden space 14336K, 100% used [0x00000000eab00000,0x00000000eb900000,0x00000000eb900000)
  from space 16896K, 99% used [0x00000000ecc00000,0x00000000edc78fd0,0x00000000edc80000)
  to   space 19456K, 0% used [0x00000000eb900000,0x00000000eb900000,0x00000000ecc00000)
 ParOldGen       total 461312K, used 384170K [0x00000000c0000000, 0x00000000dc280000, 0x00000000eab00000)
  object space 461312K, 83% used [0x00000000c0000000,0x00000000d772a860,0x00000000dc280000)
 Metaspace       used 81554K, committed 82944K, reserved 1179648K
  class space    used 8676K, committed 9280K, reserved 1048576K
}
Event: 93.689 GC heap after
{Heap after GC invocations=233 (full 13):
 PSYoungGen      total 18432K, used 3724K [0x00000000eab00000, 0x00000000ecd80000, 0x0000000100000000)
  eden space 14336K, 0% used [0x00000000eab00000,0x00000000eab00000,0x00000000eb900000)
  from space 4096K, 90% used [0x00000000eb900000,0x00000000ebca3360,0x00000000ebd00000)
  to   space 9728K, 0% used [0x00000000ec400000,0x00000000ec400000,0x00000000ecd80000)
 ParOldGen       total 461312K, used 399079K [0x00000000c0000000, 0x00000000dc280000, 0x00000000eab00000)
  object space 461312K, 86% used [0x00000000c0000000,0x00000000d85b9f68,0x00000000dc280000)
 Metaspace       used 81554K, committed 82944K, reserved 1179648K
  class space    used 8676K, committed 9280K, reserved 1048576K
}
Event: 93.872 GC heap before
{Heap before GC invocations=234 (full 13):
 PSYoungGen      total 18432K, used 18060K [0x00000000eab00000, 0x00000000ecd80000, 0x0000000100000000)
  eden space 14336K, 100% used [0x00000000eab00000,0x00000000eb900000,0x00000000eb900000)
  from space 4096K, 90% used [0x00000000eb900000,0x00000000ebca3360,0x00000000ebd00000)
  to   space 9728K, 0% used [0x00000000ec400000,0x00000000ec400000,0x00000000ecd80000)
 ParOldGen       total 461312K, used 399079K [0x00000000c0000000, 0x00000000dc280000, 0x00000000eab00000)
  object space 461312K, 86% used [0x00000000c0000000,0x00000000d85b9f68,0x00000000dc280000)
 Metaspace       used 81554K, committed 82944K, reserved 1179648K
  class space    used 8676K, committed 9280K, reserved 1048576K
}
Event: 93.879 GC heap after
{Heap after GC invocations=234 (full 13):
 PSYoungGen      total 20992K, used 5260K [0x00000000eab00000, 0x00000000ec980000, 0x0000000100000000)
  eden space 15360K, 0% used [0x00000000eab00000,0x00000000eab00000,0x00000000eba00000)
  from space 5632K, 93% used [0x00000000ec400000,0x00000000ec923360,0x00000000ec980000)
  to   space 6144K, 0% used [0x00000000ebd80000,0x00000000ebd80000,0x00000000ec380000)
 ParOldGen       total 461312K, used 399079K [0x00000000c0000000, 0x00000000dc280000, 0x00000000eab00000)
  object space 461312K, 86% used [0x00000000c0000000,0x00000000d85b9f68,0x00000000dc280000)
 Metaspace       used 81554K, committed 82944K, reserved 1179648K
  class space    used 8676K, committed 9280K, reserved 1048576K
}

