# JRE version: OpenJDK Runtime Environment Temurin-17.0.12+7 (17.0.12+7) (build 17.0.12+7)
# Java VM: OpenJDK 64-Bit Server VM Temurin-17.0.12+7 (17.0.12+7, mixed mode, tiered, compressed oops, compressed class ptrs, parallel gc, windows-amd64)
GC Precious Log:
 CPUs: 8 total, 8 available
 Memory: 3899M
 Large Page Support: Disabled
 NUMA Support: Disabled
 Compressed Oops: Enabled (32-bit)
 Alignments: Space 512K, Generation 512K, Heap 2M
 Heap Min Capacity: 100M
 Heap Initial Capacity: 100M
 Heap Max Capacity: 1G
 Pre-touch: Disabled
 Parallel Workers: 8
Heap:
 PSYoungGen      total 54784K, used 7534K [0x00000000eab00000, 0x00000000ef080000, 0x0000000100000000)
  eden space 39424K, 19% used [0x00000000eab00000,0x00000000eb25bb48,0x00000000ed180000)
  from space 15360K, 0% used [0x00000000ee080000,0x00000000ee080000,0x00000000eef80000)
  to   space 15360K, 0% used [0x00000000ed180000,0x00000000ed180000,0x00000000ee080000)
 ParOldGen       total 121344K, used 91336K [0x00000000c0000000, 0x00000000c7680000, 0x00000000eab00000)
  object space 121344K, 75% used [0x00000000c0000000,0x00000000c5932100,0x00000000c7680000)
 Metaspace       used 75125K, committed 76416K, reserved 1179648K
  class space    used 8022K, committed 8640K, reserved 1048576K
GC Heap History (20 events):
Event: 28.270 GC heap before
{Heap before GC invocations=84 (full 5):
 PSYoungGen      total 45568K, used 45232K [0x00000000eab00000, 0x00000000ee000000, 0x0000000100000000)
  eden space 37376K, 100% used [0x00000000eab00000,0x00000000ecf80000,0x00000000ecf80000)
  from space 8192K, 95% used [0x00000000ed780000,0x00000000edf2c010,0x00000000edf80000)
  to   space 8192K, 0% used [0x00000000ecf80000,0x00000000ecf80000,0x00000000ed780000)
 ParOldGen       total 121344K, used 104067K [0x00000000c0000000, 0x00000000c7680000, 0x00000000eab00000)
  object space 121344K, 85% used [0x00000000c0000000,0x00000000c65a0c28,0x00000000c7680000)
 Metaspace       used 64039K, committed 65216K, reserved 1114112K
  class space    used 6834K, committed 7360K, reserved 1048576K
}
Event: 28.276 GC heap after
{Heap after GC invocations=84 (full 5):
 PSYoungGen      total 45568K, used 8192K [0x00000000eab00000, 0x00000000ee300000, 0x0000000100000000)
  eden space 37376K, 0% used [0x00000000eab00000,0x00000000eab00000,0x00000000ecf80000)
  from space 8192K, 100% used [0x00000000ecf80000,0x00000000ed780000,0x00000000ed780000)
  to   space 8704K, 0% used [0x00000000eda80000,0x00000000eda80000,0x00000000ee300000)
 ParOldGen       total 121344K, used 104139K [0x00000000c0000000, 0x00000000c7680000, 0x00000000eab00000)
  object space 121344K, 85% used [0x00000000c0000000,0x00000000c65b2c28,0x00000000c7680000)
 Metaspace       used 64039K, committed 65216K, reserved 1114112K
  class space    used 6834K, committed 7360K, reserved 1048576K
}
Event: 28.386 GC heap before
{Heap before GC invocations=85 (full 5):
 PSYoungGen      total 45568K, used 45568K [0x00000000eab00000, 0x00000000ee300000, 0x0000000100000000)
  eden space 37376K, 100% used [0x00000000eab00000,0x00000000ecf80000,0x00000000ecf80000)
  from space 8192K, 100% used [0x00000000ecf80000,0x00000000ed780000,0x00000000ed780000)
  to   space 8704K, 0% used [0x00000000eda80000,0x00000000eda80000,0x00000000ee300000)
 ParOldGen       total 121344K, used 104139K [0x00000000c0000000, 0x00000000c7680000, 0x00000000eab00000)
  object space 121344K, 85% used [0x00000000c0000000,0x00000000c65b2c28,0x00000000c7680000)
 Metaspace       used 64531K, committed 65728K, reserved 1114112K
  class space    used 6892K, committed 7424K, reserved 1048576K
}
Event: 28.392 GC heap after
{Heap after GC invocations=85 (full 5):
 PSYoungGen      total 46592K, used 8688K [0x00000000eab00000, 0x00000000ee700000, 0x0000000100000000)
  eden space 37888K, 0% used [0x00000000eab00000,0x00000000eab00000,0x00000000ed000000)
  from space 8704K, 99% used [0x00000000eda80000,0x00000000ee2fc010,0x00000000ee300000)
  to   space 10752K, 0% used [0x00000000ed000000,0x00000000ed000000,0x00000000eda80000)
 ParOldGen       total 121344K, used 105395K [0x00000000c0000000, 0x00000000c7680000, 0x00000000eab00000)
  object space 121344K, 86% used [0x00000000c0000000,0x00000000c66ecc28,0x00000000c7680000)
 Metaspace       used 64531K, committed 65728K, reserved 1114112K
  class space    used 6892K, committed 7424K, reserved 1048576K
}
Event: 28.751 GC heap before
{Heap before GC invocations=86 (full 5):
 PSYoungGen      total 46592K, used 46576K [0x00000000eab00000, 0x00000000ee700000, 0x0000000100000000)
  eden space 37888K, 100% used [0x00000000eab00000,0x00000000ed000000,0x00000000ed000000)
  from space 8704K, 99% used [0x00000000eda80000,0x00000000ee2fc010,0x00000000ee300000)
  to   space 10752K, 0% used [0x00000000ed000000,0x00000000ed000000,0x00000000eda80000)
 ParOldGen       total 121344K, used 105395K [0x00000000c0000000, 0x00000000c7680000, 0x00000000eab00000)
  object space 121344K, 86% used [0x00000000c0000000,0x00000000c66ecc28,0x00000000c7680000)
 Metaspace       used 66394K, committed 67584K, reserved 1114112K
  class space    used 7101K, committed 7616K, reserved 1048576K
}
Event: 28.760 GC heap after
{Heap after GC invocations=86 (full 5):
 PSYoungGen      total 48640K, used 10727K [0x00000000eab00000, 0x00000000ee900000, 0x0000000100000000)
  eden space 37888K, 0% used [0x00000000eab00000,0x00000000eab00000,0x00000000ed000000)
  from space 10752K, 99% used [0x00000000ed000000,0x00000000eda79e98,0x00000000eda80000)
  to   space 11776K, 0% used [0x00000000edd80000,0x00000000edd80000,0x00000000ee900000)
 ParOldGen       total 121344K, used 106011K [0x00000000c0000000, 0x00000000c7680000, 0x00000000eab00000)
  object space 121344K, 87% used [0x00000000c0000000,0x00000000c6786c28,0x00000000c7680000)
 Metaspace       used 66394K, committed 67584K, reserved 1114112K
  class space    used 7101K, committed 7616K, reserved 1048576K
}
Event: 28.900 GC heap before
{Heap before GC invocations=87 (full 5):
 PSYoungGen      total 48640K, used 48615K [0x00000000eab00000, 0x00000000ee900000, 0x0000000100000000)
  eden space 37888K, 100% used [0x00000000eab00000,0x00000000ed000000,0x00000000ed000000)
  from space 10752K, 99% used [0x00000000ed000000,0x00000000eda79e98,0x00000000eda80000)
  to   space 11776K, 0% used [0x00000000edd80000,0x00000000edd80000,0x00000000ee900000)
 ParOldGen       total 121344K, used 106011K [0x00000000c0000000, 0x00000000c7680000, 0x00000000eab00000)
  object space 121344K, 87% used [0x00000000c0000000,0x00000000c6786c28,0x00000000c7680000)
 Metaspace       used 67012K, committed 68224K, reserved 1114112K
  class space    used 7120K, committed 7680K, reserved 1048576K
}
Event: 28.908 GC heap after
{Heap after GC invocations=87 (full 5):
 PSYoungGen      total 49664K, used 9400K [0x00000000eab00000, 0x00000000ee700000, 0x0000000100000000)
  eden space 39936K, 0% used [0x00000000eab00000,0x00000000eab00000,0x00000000ed200000)
  from space 9728K, 96% used [0x00000000edd80000,0x00000000ee6ae340,0x00000000ee700000)
  to   space 10240K, 0% used [0x00000000ed300000,0x00000000ed300000,0x00000000edd00000)
 ParOldGen       total 121344K, used 107472K [0x00000000c0000000, 0x00000000c7680000, 0x00000000eab00000)
  object space 121344K, 88% used [0x00000000c0000000,0x00000000c68f4328,0x00000000c7680000)
 Metaspace       used 67012K, committed 68224K, reserved 1114112K
  class space    used 7120K, committed 7680K, reserved 1048576K
}
Event: 29.162 GC heap before
{Heap before GC invocations=88 (full 5):
 PSYoungGen      total 49664K, used 49336K [0x00000000eab00000, 0x00000000ee700000, 0x0000000100000000)
  eden space 39936K, 100% used [0x00000000eab00000,0x00000000ed200000,0x00000000ed200000)
  from space 9728K, 96% used [0x00000000edd80000,0x00000000ee6ae340,0x00000000ee700000)
  to   space 10240K, 0% used [0x00000000ed300000,0x00000000ed300000,0x00000000edd00000)
 ParOldGen       total 121344K, used 107472K [0x00000000c0000000, 0x00000000c7680000, 0x00000000eab00000)
  object space 121344K, 88% used [0x00000000c0000000,0x00000000c68f4328,0x00000000c7680000)
 Metaspace       used 69231K, committed 70464K, reserved 1114112K
  class space    used 7307K, committed 7872K, reserved 1048576K
}
Event: 29.172 GC heap after
{Heap after GC invocations=88 (full 5):
 PSYoungGen      total 51200K, used 10094K [0x00000000eab00000, 0x00000000ee800000, 0x0000000100000000)
  eden space 40960K, 0% used [0x00000000eab00000,0x00000000eab00000,0x00000000ed300000)
  from space 10240K, 98% used [0x00000000ed300000,0x00000000edcdbbf8,0x00000000edd00000)
  to   space 10240K, 0% used [0x00000000ede00000,0x00000000ede00000,0x00000000ee800000)
 ParOldGen       total 121344K, used 107480K [0x00000000c0000000, 0x00000000c7680000, 0x00000000eab00000)
  object space 121344K, 88% used [0x00000000c0000000,0x00000000c68f6328,0x00000000c7680000)
 Metaspace       used 69231K, committed 70464K, reserved 1114112K
  class space    used 7307K, committed 7872K, reserved 1048576K
}
Event: 29.559 GC heap before
{Heap before GC invocations=89 (full 5):
 PSYoungGen      total 51200K, used 51049K [0x00000000eab00000, 0x00000000ee800000, 0x0000000100000000)
  eden space 40960K, 99% used [0x00000000eab00000,0x00000000ed2febe8,0x00000000ed300000)
  from space 10240K, 98% used [0x00000000ed300000,0x00000000edcdbbf8,0x00000000edd00000)
  to   space 10240K, 0% used [0x00000000ede00000,0x00000000ede00000,0x00000000ee800000)
 ParOldGen       total 121344K, used 107480K [0x00000000c0000000, 0x00000000c7680000, 0x00000000eab00000)
  object space 121344K, 88% used [0x00000000c0000000,0x00000000c68f6328,0x00000000c7680000)
 Metaspace       used 70605K, committed 71872K, reserved 1114112K
  class space    used 7452K, committed 8000K, reserved 1048576K
}
Event: 29.566 GC heap after
{Heap after GC invocations=89 (full 5):
 PSYoungGen      total 51712K, used 10213K [0x00000000eab00000, 0x00000000eea00000, 0x0000000100000000)
  eden space 41472K, 0% used [0x00000000eab00000,0x00000000eab00000,0x00000000ed380000)
  from space 10240K, 99% used [0x00000000ede00000,0x00000000ee7f97e0,0x00000000ee800000)
  to   space 10752K, 0% used [0x00000000ed380000,0x00000000ed380000,0x00000000ede00000)
 ParOldGen       total 121344K, used 107504K [0x00000000c0000000, 0x00000000c7680000, 0x00000000eab00000)
  object space 121344K, 88% used [0x00000000c0000000,0x00000000c68fc328,0x00000000c7680000)
 Metaspace       used 70605K, committed 71872K, reserved 1114112K
  class space    used 7452K, committed 8000K, reserved 1048576K
}
Event: 30.016 GC heap before
{Heap before GC invocations=90 (full 5):
 PSYoungGen      total 51712K, used 51685K [0x00000000eab00000, 0x00000000eea00000, 0x0000000100000000)
  eden space 41472K, 100% used [0x00000000eab00000,0x00000000ed380000,0x00000000ed380000)
  from space 10240K, 99% used [0x00000000ede00000,0x00000000ee7f97e0,0x00000000ee800000)
  to   space 10752K, 0% used [0x00000000ed380000,0x00000000ed380000,0x00000000ede00000)
 ParOldGen       total 121344K, used 107504K [0x00000000c0000000, 0x00000000c7680000, 0x00000000eab00000)
  object space 121344K, 88% used [0x00000000c0000000,0x00000000c68fc328,0x00000000c7680000)
 Metaspace       used 72446K, committed 73728K, reserved 1179648K
  class space    used 7668K, committed 8256K, reserved 1048576K
}
Event: 30.025 GC heap after
{Heap after GC invocations=90 (full 5):
 PSYoungGen      total 49152K, used 7610K [0x00000000eab00000, 0x00000000ee600000, 0x0000000100000000)
  eden space 41472K, 0% used [0x00000000eab00000,0x00000000eab00000,0x00000000ed380000)
  from space 7680K, 99% used [0x00000000ed380000,0x00000000edaee9a0,0x00000000edb00000)
  to   space 8704K, 0% used [0x00000000edd80000,0x00000000edd80000,0x00000000ee600000)
 ParOldGen       total 121344K, used 110181K [0x00000000c0000000, 0x00000000c7680000, 0x00000000eab00000)
  object space 121344K, 90% used [0x00000000c0000000,0x00000000c6b99428,0x00000000c7680000)
 Metaspace       used 72446K, committed 73728K, reserved 1179648K
  class space    used 7668K, committed 8256K, reserved 1048576K
}
Event: 36.312 GC heap before
{Heap before GC invocations=91 (full 5):
 PSYoungGen      total 49152K, used 49082K [0x00000000eab00000, 0x00000000ee600000, 0x0000000100000000)
  eden space 41472K, 100% used [0x00000000eab00000,0x00000000ed380000,0x00000000ed380000)
  from space 7680K, 99% used [0x00000000ed380000,0x00000000edaee9a0,0x00000000edb00000)
  to   space 8704K, 0% used [0x00000000edd80000,0x00000000edd80000,0x00000000ee600000)
 ParOldGen       total 121344K, used 110181K [0x00000000c0000000, 0x00000000c7680000, 0x00000000eab00000)
  object space 121344K, 90% used [0x00000000c0000000,0x00000000c6b99428,0x00000000c7680000)
 Metaspace       used 74018K, committed 75328K, reserved 1179648K
  class space    used 7922K, committed 8576K, reserved 1048576K
}
Event: 36.336 GC heap after
{Heap after GC invocations=91 (full 5):
 PSYoungGen      total 48640K, used 8128K [0x00000000eab00000, 0x00000000ee580000, 0x0000000100000000)
  eden space 40448K, 0% used [0x00000000eab00000,0x00000000eab00000,0x00000000ed280000)
  from space 8192K, 99% used [0x00000000edd80000,0x00000000ee5700a0,0x00000000ee580000)
  to   space 8704K, 0% used [0x00000000ed480000,0x00000000ed480000,0x00000000edd00000)
 ParOldGen       total 121344K, used 110189K [0x00000000c0000000, 0x00000000c7680000, 0x00000000eab00000)
  object space 121344K, 90% used [0x00000000c0000000,0x00000000c6b9b428,0x00000000c7680000)
 Metaspace       used 74018K, committed 75328K, reserved 1179648K
  class space    used 7922K, committed 8576K, reserved 1048576K
}
Event: 38.135 GC heap before
{Heap before GC invocations=92 (full 5):
 PSYoungGen      total 48640K, used 48576K [0x00000000eab00000, 0x00000000ee580000, 0x0000000100000000)
  eden space 40448K, 100% used [0x00000000eab00000,0x00000000ed280000,0x00000000ed280000)
  from space 8192K, 99% used [0x00000000edd80000,0x00000000ee5700a0,0x00000000ee580000)
  to   space 8704K, 0% used [0x00000000ed480000,0x00000000ed480000,0x00000000edd00000)
 ParOldGen       total 121344K, used 110189K [0x00000000c0000000, 0x00000000c7680000, 0x00000000eab00000)
  object space 121344K, 90% used [0x00000000c0000000,0x00000000c6b9b428,0x00000000c7680000)
 Metaspace       used 74816K, committed 76160K, reserved 1179648K
  class space    used 7992K, committed 8640K, reserved 1048576K
}
Event: 38.149 GC heap after
{Heap after GC invocations=92 (full 5):
 PSYoungGen      total 48128K, used 8684K [0x00000000eab00000, 0x00000000eef80000, 0x0000000100000000)
  eden space 39424K, 0% used [0x00000000eab00000,0x00000000eab00000,0x00000000ed180000)
  from space 8704K, 99% used [0x00000000ed480000,0x00000000edcfb308,0x00000000edd00000)
  to   space 15360K, 0% used [0x00000000ee080000,0x00000000ee080000,0x00000000eef80000)
 ParOldGen       total 121344K, used 115498K [0x00000000c0000000, 0x00000000c7680000, 0x00000000eab00000)
  object space 121344K, 95% used [0x00000000c0000000,0x00000000c70caa58,0x00000000c7680000)
 Metaspace       used 74816K, committed 76160K, reserved 1179648K
  class space    used 7992K, committed 8640K, reserved 1048576K
}
Event: 38.194 GC heap before
{Heap before GC invocations=93 (full 6):
 PSYoungGen      total 48128K, used 8684K [0x00000000eab00000, 0x00000000eef80000, 0x0000000100000000)
  eden space 39424K, 0% used [0x00000000eab00000,0x00000000eab00000,0x00000000ed180000)
  from space 8704K, 99% used [0x00000000ed480000,0x00000000edcfb308,0x00000000edd00000)
  to   space 15360K, 0% used [0x00000000ee080000,0x00000000ee080000,0x00000000eef80000)
 ParOldGen       total 121344K, used 115498K [0x00000000c0000000, 0x00000000c7680000, 0x00000000eab00000)
  object space 121344K, 95% used [0x00000000c0000000,0x00000000c70caa58,0x00000000c7680000)
 Metaspace       used 74816K, committed 76160K, reserved 1179648K
  class space    used 7992K, committed 8640K, reserved 1048576K
}
Event: 41.031 GC heap after
{Heap after GC invocations=93 (full 6):
 PSYoungGen      total 54784K, used 0K [0x00000000eab00000, 0x00000000ef080000, 0x0000000100000000)
  eden space 39424K, 0% used [0x00000000eab00000,0x00000000eab00000,0x00000000ed180000)
  from space 15360K, 0% used [0x00000000ee080000,0x00000000ee080000,0x00000000eef80000)
  to   space 15360K, 0% used [0x00000000ed180000,0x00000000ed180000,0x00000000ee080000)
 ParOldGen       total 121344K, used 91336K [0x00000000c0000000, 0x00000000c7680000, 0x00000000eab00000)
  object space 121344K, 75% used [0x00000000c0000000,0x00000000c5932100,0x00000000c7680000)
 Metaspace       used 74799K, committed 76160K, reserved 1179648K
  class space    used 7987K, committed 8640K, reserved 1048576K
}

